[NX v20.7.1 Daemon Server] - 2025-04-06T18:13:15.237Z - Started listening on: /var/folders/8c/jbp_pkb53llgp9_r4s4v180r0000gn/T/f481a60c2393e1334dd6/d.sock
[NX v20.7.1 Daemon Server] - 2025-04-06T18:13:15.239Z - [WATCHER]: Subscribed to changes within: /Users/akshayrakhunde/Desktop/Projects Practice/monorepo/Pet-E-Com-Application (native)
[NX v20.7.1 Daemon Server] - 2025-04-06T18:13:15.248Z - Established a connection. Number of open connections: 1
[NX v20.7.1 Daemon Server] - 2025-04-06T18:13:15.249Z - Closed a connection. Number of open connections: 0
[NX v20.7.1 Daemon Server] - 2025-04-06T18:13:15.256Z - Established a connection. Number of open connections: 1
[NX v20.7.1 Daemon Server] - 2025-04-06T18:13:15.256Z - Established a connection. Number of open connections: 2
[NX v20.7.1 Daemon Server] - 2025-04-06T18:13:15.256Z - Closed a connection. Number of open connections: 1
[NX v20.7.1 Daemon Server] - 2025-04-06T18:13:15.257Z - [REQUEST]: Client Request for Project Graph Received
[NX v20.7.1 Daemon Server] - 2025-04-06T18:13:15.301Z - [WATCHER]: Processing file changes in outputs
[NX v20.7.1 Daemon Server] - 2025-04-06T18:13:15.478Z - Time taken for 'Load Nx Plugin: /Users/akshayrakhunde/Desktop/Projects Practice/monorepo/Pet-E-Com-Application/node_modules/nx/src/plugins/project-json/build-nodes/project-json' 218.21679100000003ms
[NX v20.7.1 Daemon Server] - 2025-04-06T18:13:15.510Z - Time taken for 'Load Nx Plugin: /Users/akshayrakhunde/Desktop/Projects Practice/monorepo/Pet-E-Com-Application/node_modules/nx/src/plugins/js' 250.709417ms
[NX v20.7.1 Daemon Server] - 2025-04-06T18:13:15.513Z - Time taken for 'loadDefaultNxPlugins' 253.1465ms
[NX v20.7.1 Daemon Server] - 2025-04-06T18:13:15.560Z - Time taken for 'Load Nx Plugin: @nx/jest/plugin' 301.201375ms
[NX v20.7.1 Daemon Server] - 2025-04-06T18:13:15.568Z - Time taken for 'Load Nx Plugin: @nx/eslint/plugin' 308.965959ms
[NX v20.7.1 Daemon Server] - 2025-04-06T18:13:15.569Z - Time taken for 'Load Nx Plugin: @nx/js/typescript' 310.698459ms
[NX v20.7.1 Daemon Server] - 2025-04-06T18:13:15.606Z - [REQUEST]: Updated workspace context based on watched changes, recomputing project graph...
[NX v20.7.1 Daemon Server] - 2025-04-06T18:13:15.606Z - [REQUEST]: 
[NX v20.7.1 Daemon Server] - 2025-04-06T18:13:15.606Z - [REQUEST]: 
[NX v20.7.1 Daemon Server] - 2025-04-06T18:13:15.616Z - Time taken for 'loadSpecifiedNxPlugins' 347.904458ms
[NX v20.7.1 Daemon Server] - 2025-04-06T18:13:15.616Z - Established a connection. Number of open connections: 2
[NX v20.7.1 Daemon Server] - 2025-04-06T18:13:15.617Z - Closed a connection. Number of open connections: 1
[NX v20.7.1 Daemon Server] - 2025-04-06T18:13:15.618Z - Established a connection. Number of open connections: 2
[NX v20.7.1 Daemon Server] - 2025-04-06T18:13:15.618Z - Established a connection. Number of open connections: 3
[NX v20.7.1 Daemon Server] - 2025-04-06T18:13:15.620Z - [REQUEST]: Responding to the client. handleHashGlob
[NX v20.7.1 Daemon Server] - 2025-04-06T18:13:15.620Z - Done responding to the client handleHashGlob
[NX v20.7.1 Daemon Server] - 2025-04-06T18:13:15.620Z - Handled HASH_GLOB. Handling time: 1. Response time: 0.
[NX v20.7.1 Daemon Server] - 2025-04-06T18:13:15.621Z - Established a connection. Number of open connections: 4
[NX v20.7.1 Daemon Server] - 2025-04-06T18:13:15.621Z - Closed a connection. Number of open connections: 3
[NX v20.7.1 Daemon Server] - 2025-04-06T18:13:15.624Z - [REQUEST]: Responding to the client. handleGlob
[NX v20.7.1 Daemon Server] - 2025-04-06T18:13:15.624Z - Done responding to the client handleGlob
[NX v20.7.1 Daemon Server] - 2025-04-06T18:13:15.624Z - Handled GLOB. Handling time: 2. Response time: 0.
[NX v20.7.1 Daemon Server] - 2025-04-06T18:13:15.625Z - Established a connection. Number of open connections: 4
[NX v20.7.1 Daemon Server] - 2025-04-06T18:13:15.626Z - Closed a connection. Number of open connections: 3
[NX v20.7.1 Daemon Server] - 2025-04-06T18:13:15.626Z - Established a connection. Number of open connections: 4
[NX v20.7.1 Daemon Server] - 2025-04-06T18:13:15.628Z - [REQUEST]: Responding to the client. handleHashMultiGlob
[NX v20.7.1 Daemon Server] - 2025-04-06T18:13:15.629Z - Done responding to the client handleHashMultiGlob
[NX v20.7.1 Daemon Server] - 2025-04-06T18:13:15.629Z - Handled HASH_GLOB. Handling time: 1. Response time: 1.
[NX v20.7.1 Daemon Server] - 2025-04-06T18:13:15.633Z - [REQUEST]: Responding to the client. handleHashMultiGlob
[NX v20.7.1 Daemon Server] - 2025-04-06T18:13:15.633Z - Done responding to the client handleHashMultiGlob
[NX v20.7.1 Daemon Server] - 2025-04-06T18:13:15.633Z - Handled HASH_GLOB. Handling time: 3. Response time: 0.
(node:37987) [DEP0180] DeprecationWarning: fs.Stats constructor is deprecated.
(Use `node --trace-deprecation ...` to show where the warning was created)
[NX v20.7.1 Daemon Server] - 2025-04-06T18:13:16.654Z - Time taken for 'build-project-configs' 1027.816667ms
[NX v20.7.1 Daemon Server] - 2025-04-06T18:13:16.657Z - Time taken for '@nx/js/typescript:createDependencies' 5.379415999999992ms
[NX v20.7.1 Daemon Server] - 2025-04-06T18:13:16.705Z - [SYNC]: collect registered sync generators
[NX v20.7.1 Daemon Server] - 2025-04-06T18:13:16.705Z - [SYNC]: scheduling: ["@nx/js:typescript-sync"]
[NX v20.7.1 Daemon Server] - 2025-04-06T18:13:16.705Z - [REQUEST]: Responding to the client. project-graph
[NX v20.7.1 Daemon Server] - 2025-04-06T18:13:16.706Z - Time taken for 'total for creating and serializing project graph' 1448.121584ms
[NX v20.7.1 Daemon Server] - 2025-04-06T18:13:16.707Z - Done responding to the client project-graph
[NX v20.7.1 Daemon Server] - 2025-04-06T18:13:16.707Z - Handled REQUEST_PROJECT_GRAPH. Handling time: 1448. Response time: 2.
[NX v20.7.1 Daemon Server] - 2025-04-06T18:13:16.712Z - [REQUEST]: Responding to the client. handleContextFileData
[NX v20.7.1 Daemon Server] - 2025-04-06T18:13:16.712Z - Done responding to the client handleContextFileData
[NX v20.7.1 Daemon Server] - 2025-04-06T18:13:16.712Z - Handled GET_CONTEXT_FILE_DATA. Handling time: 0. Response time: 0.
[NX v20.7.1 Daemon Server] - 2025-04-06T18:13:16.713Z - Closed a connection. Number of open connections: 3
[NX v20.7.1 Daemon Server] - 2025-04-06T18:13:16.744Z - Established a connection. Number of open connections: 4
[NX v20.7.1 Daemon Server] - 2025-04-06T18:13:16.745Z - Established a connection. Number of open connections: 5
[NX v20.7.1 Daemon Server] - 2025-04-06T18:13:16.745Z - Closed a connection. Number of open connections: 4
[NX v20.7.1 Daemon Server] - 2025-04-06T18:13:16.745Z - [REQUEST]: Client Request for Project Graph Received
[NX v20.7.1 Daemon Server] - 2025-04-06T18:13:16.745Z - [REQUEST]: Responding to the client. project-graph
[NX v20.7.1 Daemon Server] - 2025-04-06T18:13:16.746Z - Time taken for 'total for creating and serializing project graph' 0.1747499999999036ms
[NX v20.7.1 Daemon Server] - 2025-04-06T18:13:16.747Z - Done responding to the client project-graph
[NX v20.7.1 Daemon Server] - 2025-04-06T18:13:16.747Z - Handled REQUEST_PROJECT_GRAPH. Handling time: 0. Response time: 2.
[NX v20.7.1 Daemon Server] - 2025-04-06T18:13:16.749Z - [REQUEST]: Client Request for Project Graph Received
[NX v20.7.1 Daemon Server] - 2025-04-06T18:13:16.749Z - [REQUEST]: Responding to the client. project-graph
[NX v20.7.1 Daemon Server] - 2025-04-06T18:13:16.750Z - Time taken for 'total for creating and serializing project graph' 0.2315000000000964ms
[NX v20.7.1 Daemon Server] - 2025-04-06T18:13:16.750Z - Done responding to the client project-graph
[NX v20.7.1 Daemon Server] - 2025-04-06T18:13:16.750Z - Handled REQUEST_PROJECT_GRAPH. Handling time: 0. Response time: 1.
[NX v20.7.1 Daemon Server] - 2025-04-06T18:13:16.752Z - Established a connection. Number of open connections: 5
[NX v20.7.1 Daemon Server] - 2025-04-06T18:13:16.805Z - [SYNC]: running scheduled generator @nx/js:typescript-sync
[NX v20.7.1 Daemon Server] - 2025-04-06T18:13:16.987Z - Established a connection. Number of open connections: 6
[NX v20.7.1 Daemon Server] - 2025-04-06T18:13:16.987Z - Established a connection. Number of open connections: 7
[NX v20.7.1 Daemon Server] - 2025-04-06T18:13:16.987Z - Closed a connection. Number of open connections: 6
[NX v20.7.1 Daemon Server] - 2025-04-06T18:13:16.988Z - [REQUEST]: Client Request for Project Graph Received
[NX v20.7.1 Daemon Server] - 2025-04-06T18:13:16.988Z - [REQUEST]: Responding to the client. project-graph
[NX v20.7.1 Daemon Server] - 2025-04-06T18:13:16.989Z - Time taken for 'total for creating and serializing project graph' 0.12866699999995035ms
[NX v20.7.1 Daemon Server] - 2025-04-06T18:13:16.990Z - Done responding to the client project-graph
[NX v20.7.1 Daemon Server] - 2025-04-06T18:13:16.990Z - Handled REQUEST_PROJECT_GRAPH. Handling time: 0. Response time: 2.
[NX v20.7.1 Daemon Server] - 2025-04-06T18:13:16.994Z - [SYNC]: @nx/js:typescript-sync changes: 
[NX v20.7.1 Daemon Server] - 2025-04-06T18:13:16.994Z - Time taken for 'run-sync-generator:@nx/js:typescript-sync' 188.262792ms
[NX v20.7.1 Daemon Server] - 2025-04-06T18:13:35.642Z - [WATCHER]: Processing file changes in outputs
[NX v20.7.1 Daemon Server] - 2025-04-06T18:13:35.647Z - [WATCHER]: .gitignore was modified
[NX v20.7.1 Daemon Server] - 2025-04-06T18:13:35.649Z - [REQUEST]: Responding to the client. File watch changed
Error [ERR_STREAM_DESTROYED]: Cannot call write after a stream was destroyed
    at _write (node:internal/streams/writable:489:11)
    at Writable.write (node:internal/streams/writable:508:10)
    at /Users/akshayrakhunde/Desktop/Projects Practice/monorepo/Pet-E-Com-Application/node_modules/nx/src/daemon/server/shutdown-utils.js:73:16
    at new Promise (<anonymous>)
    at respondToClient (/Users/akshayrakhunde/Desktop/Projects Practice/monorepo/Pet-E-Com-Application/node_modules/nx/src/daemon/server/shutdown-utils.js:69:12)
    at handleResult (/Users/akshayrakhunde/Desktop/Projects Practice/monorepo/Pet-E-Com-Application/node_modules/nx/src/daemon/server/server.js:192:52)
    at process.processTicksAndRejections (node:internal/process/task_queues:105:5)
    at async Promise.all (index 0)
    at async /Users/akshayrakhunde/Desktop/Projects Practice/monorepo/Pet-E-Com-Application/node_modules/nx/src/daemon/server/file-watching/file-watcher-sockets.js:27:9
    at async /Users/akshayrakhunde/Desktop/Projects Practice/monorepo/Pet-E-Com-Application/node_modules/nx/src/utils/promised-based-queue.js:19:21 {
  code: 'ERR_STREAM_DESTROYED'
}
[NX v20.7.1 Daemon Server] - 2025-04-06T18:13:35.650Z - Done responding to the client File watch changed
[NX v20.7.1 Daemon Server] - 2025-04-06T18:13:35.650Z - Handled FILE-WATCH-CHANGED. Handling time: 1. Response time: 1.
[NX v20.7.1 Daemon Server] - 2025-04-06T18:13:35.650Z - Time taken for 'changed-projects' 0.24691600000005565ms
[NX v20.7.1 Daemon Server] - 2025-04-06T18:13:35.650Z - Closed a connection. Number of open connections: 5
[NX v20.7.1 Daemon Server] - 2025-04-06T18:13:35.650Z - Closed a connection. Number of open connections: 4
[NX v20.7.1 Daemon Server] - 2025-04-06T18:13:35.650Z - Closed a connection. Number of open connections: 3
[NX v20.7.1 Daemon Server] - 2025-04-06T18:13:35.650Z - Closed a connection. Number of open connections: 2
[NX v20.7.1 Daemon Server] - 2025-04-06T18:13:35.650Z - Closed a connection. Number of open connections: 1
[NX v20.7.1 Daemon Server] - 2025-04-06T18:13:35.650Z - Closed a connection. Number of open connections: 0
[NX v20.7.1 Daemon Server] - 2025-04-06T18:13:35.651Z - [WATCHER]: Stopping the watcher for /Users/akshayrakhunde/Desktop/Projects Practice/monorepo/Pet-E-Com-Application (sources)
[NX v20.7.1 Daemon Server] - 2025-04-06T18:13:35.651Z - [WATCHER]: Stopping the watcher for /Users/akshayrakhunde/Desktop/Projects Practice/monorepo/Pet-E-Com-Application (outputs)
[NX v20.7.1 Daemon Server] - 2025-04-06T18:13:35.651Z - Server stopped because: "Stopping the daemon the set of ignored files changed (native)"
[NX v20.7.1 Daemon Server] - 2025-04-06T18:13:58.919Z - Started listening on: /var/folders/8c/jbp_pkb53llgp9_r4s4v180r0000gn/T/f481a60c2393e1334dd6/d.sock
[NX v20.7.1 Daemon Server] - 2025-04-06T18:13:58.921Z - [WATCHER]: Subscribed to changes within: /Users/akshayrakhunde/Desktop/Projects Practice/monorepo/Pet-E-Com-Application (native)
[NX v20.7.1 Daemon Server] - 2025-04-06T18:13:58.925Z - Established a connection. Number of open connections: 1
[NX v20.7.1 Daemon Server] - 2025-04-06T18:13:58.926Z - Closed a connection. Number of open connections: 0
[NX v20.7.1 Daemon Server] - 2025-04-06T18:13:58.933Z - Established a connection. Number of open connections: 1
[NX v20.7.1 Daemon Server] - 2025-04-06T18:13:58.934Z - Established a connection. Number of open connections: 2
[NX v20.7.1 Daemon Server] - 2025-04-06T18:13:58.934Z - Closed a connection. Number of open connections: 1
[NX v20.7.1 Daemon Server] - 2025-04-06T18:13:58.935Z - [REQUEST]: Client Request for Project Graph Received
[NX v20.7.1 Daemon Server] - 2025-04-06T18:13:58.982Z - [WATCHER]: Processing file changes in outputs
[NX v20.7.1 Daemon Server] - 2025-04-06T18:13:59.189Z - Time taken for 'Load Nx Plugin: /Users/akshayrakhunde/Desktop/Projects Practice/monorepo/Pet-E-Com-Application/node_modules/nx/src/plugins/package-json' 251.08499999999998ms
[NX v20.7.1 Daemon Server] - 2025-04-06T18:13:59.193Z - Time taken for 'Load Nx Plugin: /Users/akshayrakhunde/Desktop/Projects Practice/monorepo/Pet-E-Com-Application/node_modules/nx/src/plugins/project-json/build-nodes/project-json' 254.775125ms
[NX v20.7.1 Daemon Server] - 2025-04-06T18:13:59.206Z - Time taken for 'loadDefaultNxPlugins' 268.72125ms
[NX v20.7.1 Daemon Server] - 2025-04-06T18:13:59.265Z - Time taken for 'Load Nx Plugin: @nx/eslint/plugin' 327.922208ms
[NX v20.7.1 Daemon Server] - 2025-04-06T18:13:59.265Z - Time taken for 'Load Nx Plugin: @nx/jest/plugin' 327.883792ms
[NX v20.7.1 Daemon Server] - 2025-04-06T18:13:59.273Z - Time taken for 'Load Nx Plugin: @nx/js/typescript' 337.226666ms
[NX v20.7.1 Daemon Server] - 2025-04-06T18:13:59.312Z - [REQUEST]: Updated workspace context based on watched changes, recomputing project graph...
[NX v20.7.1 Daemon Server] - 2025-04-06T18:13:59.312Z - [REQUEST]: 
[NX v20.7.1 Daemon Server] - 2025-04-06T18:13:59.312Z - [REQUEST]: 
[NX v20.7.1 Daemon Server] - 2025-04-06T18:13:59.320Z - Time taken for 'loadSpecifiedNxPlugins' 376.35074999999995ms
[NX v20.7.1 Daemon Server] - 2025-04-06T18:13:59.321Z - Established a connection. Number of open connections: 2
[NX v20.7.1 Daemon Server] - 2025-04-06T18:13:59.322Z - Closed a connection. Number of open connections: 1
[NX v20.7.1 Daemon Server] - 2025-04-06T18:13:59.322Z - Established a connection. Number of open connections: 2
[NX v20.7.1 Daemon Server] - 2025-04-06T18:13:59.322Z - Established a connection. Number of open connections: 3
[NX v20.7.1 Daemon Server] - 2025-04-06T18:13:59.324Z - [REQUEST]: Responding to the client. handleHashGlob
[NX v20.7.1 Daemon Server] - 2025-04-06T18:13:59.324Z - Done responding to the client handleHashGlob
[NX v20.7.1 Daemon Server] - 2025-04-06T18:13:59.324Z - Handled HASH_GLOB. Handling time: 1. Response time: 0.
[NX v20.7.1 Daemon Server] - 2025-04-06T18:13:59.324Z - Established a connection. Number of open connections: 4
[NX v20.7.1 Daemon Server] - 2025-04-06T18:13:59.324Z - Closed a connection. Number of open connections: 3
[NX v20.7.1 Daemon Server] - 2025-04-06T18:13:59.325Z - [REQUEST]: Responding to the client. handleGlob
[NX v20.7.1 Daemon Server] - 2025-04-06T18:13:59.325Z - Done responding to the client handleGlob
[NX v20.7.1 Daemon Server] - 2025-04-06T18:13:59.325Z - Handled GLOB. Handling time: 1. Response time: 0.
[NX v20.7.1 Daemon Server] - 2025-04-06T18:13:59.326Z - Established a connection. Number of open connections: 4
[NX v20.7.1 Daemon Server] - 2025-04-06T18:13:59.327Z - [REQUEST]: Responding to the client. handleHashMultiGlob
[NX v20.7.1 Daemon Server] - 2025-04-06T18:13:59.327Z - Done responding to the client handleHashMultiGlob
[NX v20.7.1 Daemon Server] - 2025-04-06T18:13:59.327Z - Handled HASH_GLOB. Handling time: 1. Response time: 0.
[NX v20.7.1 Daemon Server] - 2025-04-06T18:13:59.327Z - Established a connection. Number of open connections: 5
[NX v20.7.1 Daemon Server] - 2025-04-06T18:13:59.328Z - Closed a connection. Number of open connections: 4
[NX v20.7.1 Daemon Server] - 2025-04-06T18:13:59.328Z - [REQUEST]: Responding to the client. handleHashMultiGlob
[NX v20.7.1 Daemon Server] - 2025-04-06T18:13:59.328Z - Done responding to the client handleHashMultiGlob
[NX v20.7.1 Daemon Server] - 2025-04-06T18:13:59.329Z - Handled HASH_GLOB. Handling time: 0. Response time: 1.
[NX v20.7.1 Daemon Server] - 2025-04-06T18:14:00.211Z - Time taken for 'build-project-configs' 878.2074589999999ms
[NX v20.7.1 Daemon Server] - 2025-04-06T18:14:00.216Z - Time taken for '@nx/js/typescript:createDependencies' 7.679167000000007ms
[NX v20.7.1 Daemon Server] - 2025-04-06T18:14:00.231Z - [SYNC]: collect registered sync generators
[NX v20.7.1 Daemon Server] - 2025-04-06T18:14:00.231Z - [SYNC]: scheduling: ["@nx/js:typescript-sync"]
[NX v20.7.1 Daemon Server] - 2025-04-06T18:14:00.231Z - [REQUEST]: Responding to the client. project-graph
[NX v20.7.1 Daemon Server] - 2025-04-06T18:14:00.232Z - Time taken for 'total for creating and serializing project graph' 1296.871667ms
[NX v20.7.1 Daemon Server] - 2025-04-06T18:14:00.233Z - Done responding to the client project-graph
[NX v20.7.1 Daemon Server] - 2025-04-06T18:14:00.233Z - Handled REQUEST_PROJECT_GRAPH. Handling time: 1296. Response time: 2.
[NX v20.7.1 Daemon Server] - 2025-04-06T18:14:00.237Z - [REQUEST]: Responding to the client. handleContextFileData
[NX v20.7.1 Daemon Server] - 2025-04-06T18:14:00.238Z - Done responding to the client handleContextFileData
[NX v20.7.1 Daemon Server] - 2025-04-06T18:14:00.238Z - Handled GET_CONTEXT_FILE_DATA. Handling time: 0. Response time: 1.
[NX v20.7.1 Daemon Server] - 2025-04-06T18:14:00.238Z - Closed a connection. Number of open connections: 3
[NX v20.7.1 Daemon Server] - 2025-04-06T18:14:00.268Z - Established a connection. Number of open connections: 4
[NX v20.7.1 Daemon Server] - 2025-04-06T18:14:00.269Z - Established a connection. Number of open connections: 5
[NX v20.7.1 Daemon Server] - 2025-04-06T18:14:00.269Z - Closed a connection. Number of open connections: 4
[NX v20.7.1 Daemon Server] - 2025-04-06T18:14:00.269Z - [REQUEST]: Client Request for Project Graph Received
[NX v20.7.1 Daemon Server] - 2025-04-06T18:14:00.269Z - [REQUEST]: Responding to the client. project-graph
[NX v20.7.1 Daemon Server] - 2025-04-06T18:14:00.270Z - Time taken for 'total for creating and serializing project graph' 0.1558749999999236ms
[NX v20.7.1 Daemon Server] - 2025-04-06T18:14:00.271Z - Done responding to the client project-graph
[NX v20.7.1 Daemon Server] - 2025-04-06T18:14:00.271Z - Handled REQUEST_PROJECT_GRAPH. Handling time: 0. Response time: 2.
[NX v20.7.1 Daemon Server] - 2025-04-06T18:14:00.273Z - [REQUEST]: Client Request for Project Graph Received
[NX v20.7.1 Daemon Server] - 2025-04-06T18:14:00.273Z - [REQUEST]: Responding to the client. project-graph
[NX v20.7.1 Daemon Server] - 2025-04-06T18:14:00.274Z - Time taken for 'total for creating and serializing project graph' 0.2856249999999818ms
[NX v20.7.1 Daemon Server] - 2025-04-06T18:14:00.275Z - Done responding to the client project-graph
[NX v20.7.1 Daemon Server] - 2025-04-06T18:14:00.275Z - Handled REQUEST_PROJECT_GRAPH. Handling time: 0. Response time: 2.
[NX v20.7.1 Daemon Server] - 2025-04-06T18:14:00.277Z - Established a connection. Number of open connections: 5
[NX v20.7.1 Daemon Server] - 2025-04-06T18:14:00.333Z - [SYNC]: running scheduled generator @nx/js:typescript-sync
[NX v20.7.1 Daemon Server] - 2025-04-06T18:14:00.529Z - Established a connection. Number of open connections: 6
[NX v20.7.1 Daemon Server] - 2025-04-06T18:14:00.530Z - Established a connection. Number of open connections: 7
[NX v20.7.1 Daemon Server] - 2025-04-06T18:14:00.530Z - Closed a connection. Number of open connections: 6
[NX v20.7.1 Daemon Server] - 2025-04-06T18:14:00.531Z - [REQUEST]: Client Request for Project Graph Received
[NX v20.7.1 Daemon Server] - 2025-04-06T18:14:00.531Z - [REQUEST]: Responding to the client. project-graph
[NX v20.7.1 Daemon Server] - 2025-04-06T18:14:00.532Z - Time taken for 'total for creating and serializing project graph' 0.23116700000014134ms
[NX v20.7.1 Daemon Server] - 2025-04-06T18:14:00.533Z - Done responding to the client project-graph
[NX v20.7.1 Daemon Server] - 2025-04-06T18:14:00.533Z - Handled REQUEST_PROJECT_GRAPH. Handling time: 0. Response time: 2.
[NX v20.7.1 Daemon Server] - 2025-04-06T18:14:00.537Z - [SYNC]: @nx/js:typescript-sync changes: 
[NX v20.7.1 Daemon Server] - 2025-04-06T18:14:00.537Z - Time taken for 'run-sync-generator:@nx/js:typescript-sync' 203.869375ms
